  MetDetectionAlgo.cpp
c:\users\840\source\repos\findmeteor\findmeteor\algorithm\metdetectionalgo.cpp(278): warning C4244: '引數': 將 '_Tp' 轉換為 '_Tp'，由於類型不同，可能導致資料遺失
          with
          [
              _Tp=float
          ]
          and
          [
              _Tp=int
          ]
c:\users\840\source\repos\findmeteor\findmeteor\algorithm\metdetectionalgo.cpp(283): warning C4244: '引數': 將 '_Tp' 轉換為 '_Tp'，由於類型不同，可能導致資料遺失
          with
          [
              _Tp=float
          ]
          and
          [
              _Tp=int
          ]
c:\users\840\source\repos\findmeteor\findmeteor\algorithm\metdetectionalgo.cpp(288): warning C4244: '引數': 將 '_Tp' 轉換為 '_Tp'，由於類型不同，可能導致資料遺失
          with
          [
              _Tp=float
          ]
          and
          [
              _Tp=int
          ]
c:\users\840\source\repos\findmeteor\findmeteor\algorithm\metdetectionalgo.cpp(293): warning C4244: '引數': 將 '_Tp' 轉換為 '_Tp'，由於類型不同，可能導致資料遺失
          with
          [
              _Tp=float
          ]
          and
          [
              _Tp=int
          ]
c:\users\840\source\repos\findmeteor\findmeteor\algorithm\metdetectionalgo.cpp(461): warning C4267: '=': 將 'size_t' 轉換為 'int'，資料可能遺失
c:\users\840\source\repos\findmeteor\findmeteor\algorithm\metdetectionalgo.cpp(462): warning C4267: '=': 將 'size_t' 轉換為 'int'，資料可能遺失
c:\users\840\source\repos\findmeteor\findmeteor\algorithm\metdetectionalgo.cpp(539): warning C4244: '引數': 將 'int' 轉換為 '_Tp'，由於類型不同，可能導致資料遺失
          with
          [
              _Tp=float
          ]
c:\users\840\source\repos\findmeteor\findmeteor\algorithm\metdetectionalgo.cpp(543): warning C4244: '引數': 將 'int' 轉換為 '_Tp'，由於類型不同，可能導致資料遺失
          with
          [
              _Tp=float
          ]
  正在產生程式碼
  1 of 715 functions ( 0.1%) were compiled, the rest were copied from previous compilation.
    0 functions were new in current compilation
    0 functions had inline decision re-evaluated but remain unchanged
  已完成程式碼產生
  FindMeteor.vcxproj -> C:\Users\840\source\repos\FindMeteor\x64\Release\FindMeteor.exe
